src/components/dashboard/CanceledReservations.tsx(2,1): error TS6133: 'motion' is declared but its value is never read.
src/components/dashboard/CanceledReservations.tsx(6,5): error TS6133: 'Calendar' is declared but its value is never read.
src/components/dashboard/CanceledReservations.tsx(7,5): error TS6133: 'User' is declared but its value is never read.
src/components/dashboard/CanceledReservations.tsx(8,5): error TS6133: 'Mail' is declared but its value is never read.
src/components/dashboard/CanceledReservations.tsx(9,5): error TS6133: 'Phone' is declared but its value is never read.
src/components/dashboard/CanceledReservations.tsx(10,5): error TS6133: 'XCircle' is declared but its value is never read.
src/components/dashboard/CanceledReservations.tsx(11,5): error TS6133: 'Ticket' is declared but its value is never read.
src/components/dashboard/events/CreateEvent.tsx(4,18): error TS6133: 'AnimatePresence' is declared but its value is never read.
src/components/dashboard/Reservations.tsx(2,1): error TS6133: 'motion' is declared but its value is never read.
src/components/dashboard/Reservations.tsx(5,5): error TS6133: 'Filter' is declared but its value is never read.
src/components/dashboard/Reservations.tsx(7,5): error TS6133: 'Calendar' is declared but its value is never read.
src/components/dashboard/Reservations.tsx(8,5): error TS6133: 'User' is declared but its value is never read.
src/components/dashboard/Reservations.tsx(9,5): error TS6133: 'Mail' is declared but its value is never read.
src/components/dashboard/Reservations.tsx(10,5): error TS6133: 'Phone' is declared but its value is never read.
src/components/dashboard/Reservations.tsx(11,5): error TS6133: 'CheckCircle2' is declared but its value is never read.
src/components/dashboard/Reservations.tsx(12,5): error TS6133: 'XCircle' is declared but its value is never read.
src/components/dashboard/Reservations.tsx(13,5): error TS6133: 'Clock' is declared but its value is never read.
src/components/sections/SponsorsSection.tsx(12,11): error TS6133: 'accentColor' is declared but its value is never read.
src/components/ui/crypto-hero.tsx(39,5): error TS6133: 'cryptoCoins' is declared but its value is never read.
src/components/ui/crypto-hero.tsx(41,5): error TS6133: 'walletImage' is declared but its value is never read.
